This is pdfTeX, Version 3.14159265-2.6-1.40.19 (MiKTeX 2.9.6630 64-bit) (preloaded format=pdflatex 2018.5.21)  19 JUN 2019 09:49
entering extended mode
**./main.tex
(main.tex
LaTeX2e <2017-04-15>
Babel <3.18> and hyphenation patterns for 75 language(s) loaded.
("C:\Users\Carlo\AppData\Local\Programs\MiKTeX 2.9\tex\latex\base\article.cls"
Document Class: article 2014/09/29 v1.4h Standard LaTeX document class
("C:\Users\Carlo\AppData\Local\Programs\MiKTeX 2.9\tex\latex\base\size10.clo"
File: size10.clo 2014/09/29 v1.4h Standard LaTeX file (size option)
)
\c@part=\count79
\c@section=\count80
\c@subsection=\count81
\c@subsubsection=\count82
\c@paragraph=\count83
\c@subparagraph=\count84
\c@figure=\count85
\c@table=\count86
\abovecaptionskip=\skip41
\belowcaptionskip=\skip42
\bibindent=\dimen102
) ("C:\Users\Carlo\AppData\Local\Programs\MiKTeX 2.9\tex\latex\base\latexsym.st
y"
Package: latexsym 1998/08/17 v2.2e Standard LaTeX package (lasy symbols)
\symlasy=\mathgroup4
LaTeX Font Info:    Overwriting symbol font `lasy' in version `bold'
(Font)                  U/lasy/m/n --> U/lasy/b/n on input line 52.
)
("C:\Users\Carlo\AppData\Local\Programs\MiKTeX 2.9\tex\latex\graphics\graphicx.
sty"
Package: graphicx 2017/06/01 v1.1a Enhanced LaTeX Graphics (DPC,SPQR)

("C:\Users\Carlo\AppData\Local\Programs\MiKTeX 2.9\tex\latex\graphics\keyval.st
y"
Package: keyval 2014/10/28 v1.15 key=value parser (DPC)
\KV@toks@=\toks14
)
("C:\Users\Carlo\AppData\Local\Programs\MiKTeX 2.9\tex\latex\graphics\graphics.
sty"
Package: graphics 2017/06/25 v1.2c Standard LaTeX Graphics (DPC,SPQR)

("C:\Users\Carlo\AppData\Local\Programs\MiKTeX 2.9\tex\latex\graphics\trig.sty"
Package: trig 2016/01/03 v1.10 sin cos tan (DPC)
)
("C:\Users\Carlo\AppData\Local\Programs\MiKTeX 2.9\tex\latex\graphics-cfg\graph
ics.cfg"
File: graphics.cfg 2016/06/04 v1.11 sample graphics configuration
)
Package graphics Info: Driver file: pdftex.def on input line 99.

("C:\Users\Carlo\AppData\Local\Programs\MiKTeX 2.9\tex\latex\graphics-def\pdfte
x.def"
File: pdftex.def 2018/01/08 v1.0l Graphics/color driver for pdftex
))
\Gin@req@height=\dimen103
\Gin@req@width=\dimen104
)
("C:\Users\Carlo\AppData\Local\Programs\MiKTeX 2.9\tex\latex\geometry\geometry.
sty"
Package: geometry 2010/09/12 v5.6 Page Geometry

("C:\Users\Carlo\AppData\Local\Programs\MiKTeX 2.9\tex\generic\oberdiek\ifpdf.s
ty"
Package: ifpdf 2017/03/15 v3.2 Provides the ifpdf switch
)
("C:\Users\Carlo\AppData\Local\Programs\MiKTeX 2.9\tex\generic\oberdiek\ifvtex.
sty"
Package: ifvtex 2016/05/16 v1.6 Detect VTeX and its facilities (HO)
Package ifvtex Info: VTeX not detected.
)
("C:\Users\Carlo\AppData\Local\Programs\MiKTeX 2.9\tex\generic\ifxetex\ifxetex.
sty"
Package: ifxetex 2010/09/12 v0.6 Provides ifxetex conditional
)
\Gm@cnth=\count87
\Gm@cntv=\count88
\c@Gm@tempcnt=\count89
\Gm@bindingoffset=\dimen105
\Gm@wd@mp=\dimen106
\Gm@odd@mp=\dimen107
\Gm@even@mp=\dimen108
\Gm@layoutwidth=\dimen109
\Gm@layoutheight=\dimen110
\Gm@layouthoffset=\dimen111
\Gm@layoutvoffset=\dimen112
\Gm@dimlist=\toks15

("C:\Users\Carlo\AppData\Local\Programs\MiKTeX 2.9\tex\latex\geometry\geometry.
cfg"))
("C:\Users\Carlo\AppData\Local\Programs\MiKTeX 2.9\tex\latex\fancyhdr\fancyhdr.
sty"
Package: fancyhdr 2019/01/31 v3.10 Extensive control of page headers and footer
s
\f@nch@headwidth=\skip43
\f@nch@O@elh=\skip44
\f@nch@O@erh=\skip45
\f@nch@O@olh=\skip46
\f@nch@O@orh=\skip47
\f@nch@O@elf=\skip48
\f@nch@O@erf=\skip49
\f@nch@O@olf=\skip50
\f@nch@O@orf=\skip51
)
("C:\Users\Carlo\AppData\Local\Programs\MiKTeX 2.9\tex\latex\caption\caption.st
y"
Package: caption 2016/02/21 v3.3-144 Customizing captions (AR)

("C:\Users\Carlo\AppData\Local\Programs\MiKTeX 2.9\tex\latex\caption\caption3.s
ty"
Package: caption3 2016/05/22 v1.7-166 caption3 kernel (AR)
Package caption3 Info: TeX engine: e-TeX on input line 67.
\captionmargin=\dimen113
\captionmargin@=\dimen114
\captionwidth=\dimen115
\caption@tempdima=\dimen116
\caption@indent=\dimen117
\caption@parindent=\dimen118
\caption@hangindent=\dimen119
)
\c@ContinuedFloat=\count90
) ("C:\Users\Carlo\AppData\Local\Programs\MiKTeX 2.9\tex\latex\cite\cite.sty"
LaTeX Info: Redefining \cite on input line 302.
LaTeX Info: Redefining \nocite on input line 332.
Package: cite 2015/02/27  v 5.5
) (main.aux

LaTeX Warning: Label `website' multiply defined.


LaTeX Warning: Label `fig:oscilloscope' multiply defined.


LaTeX Warning: Label `fig:oscilloscope' multiply defined.


LaTeX Warning: Label `fig:oscilloscope' multiply defined.


LaTeX Warning: Label `fig:oscilloscope' multiply defined.


LaTeX Warning: Label `fig:oscilloscope' multiply defined.


LaTeX Warning: Label `fig:oscilloscope' multiply defined.


LaTeX Warning: Label `fig:oscilloscope' multiply defined.


LaTeX Warning: Label `fig:oscilloscope' multiply defined.


LaTeX Warning: Label `fig:oscilloscope' multiply defined.


LaTeX Warning: Label `fig:oscilloscope' multiply defined.

)
\openout1 = `main.aux'.

LaTeX Font Info:    Checking defaults for OML/cmm/m/it on input line 65.
LaTeX Font Info:    ... okay on input line 65.
LaTeX Font Info:    Checking defaults for T1/cmr/m/n on input line 65.
LaTeX Font Info:    ... okay on input line 65.
LaTeX Font Info:    Checking defaults for OT1/cmr/m/n on input line 65.
LaTeX Font Info:    ... okay on input line 65.
LaTeX Font Info:    Checking defaults for OMS/cmsy/m/n on input line 65.
LaTeX Font Info:    ... okay on input line 65.
LaTeX Font Info:    Checking defaults for OMX/cmex/m/n on input line 65.
LaTeX Font Info:    ... okay on input line 65.
LaTeX Font Info:    Checking defaults for U/cmr/m/n on input line 65.
LaTeX Font Info:    ... okay on input line 65.

("C:\Users\Carlo\AppData\Local\Programs\MiKTeX 2.9\tex\context\base\supp-pdf.mk
ii"
[Loading MPS to PDF converter (version 2006.09.02).]
\scratchcounter=\count91
\scratchdimen=\dimen120
\scratchbox=\box26
\nofMPsegments=\count92
\nofMParguments=\count93
\everyMPshowfont=\toks16
\MPscratchCnt=\count94
\MPscratchDim=\dimen121
\MPnumerator=\count95
\makeMPintoPDFobject=\count96
\everyMPtoPDFconversion=\toks17
)
("C:\Users\Carlo\AppData\Local\Programs\MiKTeX 2.9\tex\latex\oberdiek\epstopdf-
base.sty"
Package: epstopdf-base 2016/05/15 v2.6 Base part for package epstopdf

("C:\Users\Carlo\AppData\Local\Programs\MiKTeX 2.9\tex\generic\oberdiek\infware
rr.sty"
Package: infwarerr 2016/05/16 v1.4 Providing info/warning/error messages (HO)
)
("C:\Users\Carlo\AppData\Local\Programs\MiKTeX 2.9\tex\latex\oberdiek\grfext.st
y"
Package: grfext 2016/05/16 v1.2 Manage graphics extensions (HO)

("C:\Users\Carlo\AppData\Local\Programs\MiKTeX 2.9\tex\generic\oberdiek\kvdefin
ekeys.sty"
Package: kvdefinekeys 2016/05/16 v1.4 Define keys (HO)

("C:\Users\Carlo\AppData\Local\Programs\MiKTeX 2.9\tex\generic\oberdiek\ltxcmds
.sty"
Package: ltxcmds 2016/05/16 v1.23 LaTeX kernel commands for general use (HO)
)))
("C:\Users\Carlo\AppData\Local\Programs\MiKTeX 2.9\tex\latex\oberdiek\kvoptions
.sty"
Package: kvoptions 2016/05/16 v3.12 Key value format for package options (HO)

("C:\Users\Carlo\AppData\Local\Programs\MiKTeX 2.9\tex\generic\oberdiek\kvsetke
ys.sty"
Package: kvsetkeys 2016/05/16 v1.17 Key value parser (HO)

("C:\Users\Carlo\AppData\Local\Programs\MiKTeX 2.9\tex\generic\oberdiek\etexcmd
s.sty"
Package: etexcmds 2016/05/16 v1.6 Avoid name clashes with e-TeX commands (HO)

("C:\Users\Carlo\AppData\Local\Programs\MiKTeX 2.9\tex\generic\oberdiek\ifluate
x.sty"
Package: ifluatex 2016/05/16 v1.4 Provides the ifluatex switch (HO)
Package ifluatex Info: LuaTeX not detected.
)
Package etexcmds Info: Could not find \expanded.
(etexcmds)             That can mean that you are not using pdfTeX 1.50 or
(etexcmds)             that some package has redefined \expanded.
(etexcmds)             In the latter case, load this package earlier.
)))
("C:\Users\Carlo\AppData\Local\Programs\MiKTeX 2.9\tex\generic\oberdiek\pdftexc
mds.sty"
Package: pdftexcmds 2018/01/21 v0.26 Utility functions of pdfTeX for LuaTeX (HO
)
Package pdftexcmds Info: LuaTeX not detected.
Package pdftexcmds Info: \pdf@primitive is available.
Package pdftexcmds Info: \pdf@ifprimitive is available.
Package pdftexcmds Info: \pdfdraftmode found.
)
Package epstopdf-base Info: Redefining graphics rule for `.eps' on input line 4
38.
Package grfext Info: Graphics extension search list:
(grfext)             [.pdf,.png,.jpg,.mps,.jpeg,.jbig2,.jb2,.PDF,.PNG,.JPG,.JPE
G,.JBIG2,.JB2,.eps]
(grfext)             \AppendGraphicsExtensions on input line 456.
)
*geometry* driver: auto-detecting
*geometry* detected driver: pdftex
*geometry* verbose mode - [ preamble ] result:
* driver: pdftex
* paper: custom
* layout: <same size as paper>
* layoutoffset:(h,v)=(0.0pt,0.0pt)
* modes: twoside 
* h-part:(L,W,R)=(72.26999pt, 452.9679pt, 72.26999pt)
* v-part:(T,H,B)=(72.26999pt, 700.50677pt, 72.26999pt)
* \paperwidth=597.50787pt
* \paperheight=845.04675pt
* \textwidth=452.9679pt
* \textheight=700.50677pt
* \oddsidemargin=0.0pt
* \evensidemargin=0.0pt
* \topmargin=-37.0pt
* \headheight=12.0pt
* \headsep=25.0pt
* \topskip=10.0pt
* \footskip=30.0pt
* \marginparwidth=121.0pt
* \marginparsep=11.0pt
* \columnsep=10.0pt
* \skip\footins=9.0pt plus 4.0pt minus 2.0pt
* \hoffset=0.0pt
* \voffset=0.0pt
* \mag=1000
* \@twocolumnfalse
* \@twosidetrue
* \@mparswitchtrue
* \@reversemarginfalse
* (1in=72.27pt=25.4mm, 1cm=28.453pt)

Package caption Info: Begin \AtBeginDocument code.
Package caption Info: End \AtBeginDocument code.
LaTeX Font Info:    External font `cmex10' loaded for size
(Font)              <7> on input line 73.
LaTeX Font Info:    External font `cmex10' loaded for size
(Font)              <5> on input line 73.
LaTeX Font Info:    Try loading font information for U+lasy on input line 73.
("C:\Users\Carlo\AppData\Local\Programs\MiKTeX 2.9\tex\latex\base\ulasy.fd"
File: ulasy.fd 1998/08/17 v2.2e LaTeX symbol font definitions
)
Underfull \hbox (badness 10000) in paragraph at lines 85--85

 []


LaTeX Warning: Citation `walpole' on page 1 undefined on input line 94.


LaTeX Warning: Command \i invalid in math mode on input line 97.

Missing character: There is no â in font cmr10!
Missing character: There is no € in font cmr10!
Missing character: There is no ™ in font cmr10!

LaTeX Warning: Citation `khan' on page 1 undefined on input line 106.


LaTeX Warning: `!h' float specifier changed to `!ht'.

[1

{C:/Users/Carlo/AppData/Local/MiKTeX/2.9/pdftex/config/pdftex.map}] [2]
Overfull \hbox (9.95952pt too wide) in paragraph at lines 201--202
[]\OT1/cmr/m/n/10 Lissajous Curves. Re-trieved from $\OML/cmm/m/it/10 http \OT1
/cmr/m/n/10 : \OML/cmm/m/it/10 ==mathforum:org=mathimages=index:php=Lissajous[]
urve$
 []

[3]
<1to1.png, id=25, 275.0275pt x 272.01625pt>
File: 1to1.png Graphic file (type png)
<use 1to1.png>
Package pdftex.def Info: 1to1.png  used on input line 214.
(pdftex.def)             Requested size: 137.51341pt x 136.00778pt.
LaTeX Font Info:    External font `cmex10' loaded for size
(Font)              <9> on input line 215.
LaTeX Font Info:    External font `cmex10' loaded for size
(Font)              <6> on input line 215.
<1to1zero.png, id=27, 275.0275pt x 272.01625pt>
File: 1to1zero.png Graphic file (type png)
<use 1to1zero.png>
Package pdftex.def Info: 1to1zero.png  used on input line 221.
(pdftex.def)             Requested size: 137.51341pt x 136.00778pt.
<1to1180.png, id=28, 275.0275pt x 272.01625pt>
File: 1to1180.png Graphic file (type png)
<use 1to1180.png>
Package pdftex.def Info: 1to1180.png  used on input line 228.
(pdftex.def)             Requested size: 137.51341pt x 136.00778pt.
<1to1half.png, id=29, 275.0275pt x 272.01625pt>
File: 1to1half.png Graphic file (type png)
<use 1to1half.png>
Package pdftex.def Info: 1to1half.png  used on input line 235.
(pdftex.def)             Requested size: 137.51341pt x 136.00778pt.


LaTeX Warning: `!h' float specifier changed to `!ht'.

<1to2.png, id=30, 275.0275pt x 272.01625pt>
File: 1to2.png Graphic file (type png)
<use 1to2.png>
Package pdftex.def Info: 1to2.png  used on input line 242.
(pdftex.def)             Requested size: 137.51341pt x 136.00778pt.

LaTeX Warning: `!h' float specifier changed to `!ht'.

<1to1third.png, id=31, 275.0275pt x 272.01625pt>
File: 1to1third.png Graphic file (type png)
<use 1to1third.png>
Package pdftex.def Info: 1to1third.png  used on input line 249.
(pdftex.def)             Requested size: 137.51341pt x 136.00778pt.

LaTeX Warning: `!h' float specifier changed to `!ht'.

<1to3.png, id=32, 275.0275pt x 272.01625pt>
File: 1to3.png Graphic file (type png)
<use 1to3.png>
Package pdftex.def Info: 1to3.png  used on input line 256.
(pdftex.def)             Requested size: 137.51341pt x 136.00778pt.

LaTeX Warning: `!h' float specifier changed to `!ht'.

<1to2thirds.png, id=33, 275.0275pt x 272.01625pt>
File: 1to2thirds.png Graphic file (type png)
<use 1to2thirds.png>
Package pdftex.def Info: 1to2thirds.png  used on input line 263.
(pdftex.def)             Requested size: 137.51341pt x 136.00778pt.

LaTeX Warning: `!h' float specifier changed to `!ht'.

<1to3halves.png, id=34, 275.0275pt x 272.01625pt>
File: 1to3halves.png Graphic file (type png)
<use 1to3halves.png>
Package pdftex.def Info: 1to3halves.png  used on input line 270.
(pdftex.def)             Requested size: 137.51341pt x 136.00778pt.

LaTeX Warning: `!h' float specifier changed to `!ht'.

<1to2fifths.png, id=35, 275.0275pt x 272.01625pt>
File: 1to2fifths.png Graphic file (type png)
<use 1to2fifths.png>
Package pdftex.def Info: 1to2fifths.png  used on input line 277.
(pdftex.def)             Requested size: 137.51341pt x 136.00778pt.

LaTeX Warning: `!h' float specifier changed to `!ht'.

<1to5halves.png, id=36, 275.0275pt x 272.01625pt>
File: 1to5halves.png Graphic file (type png)
<use 1to5halves.png>
Package pdftex.def Info: 1to5halves.png  used on input line 284.
(pdftex.def)             Requested size: 137.51341pt x 136.00778pt.

LaTeX Warning: `!h' float specifier changed to `!ht'.

[4 <./1to1.png> <./1to1zero.png> <./1to1180.png>]

LaTeX Warning: Text page 5 contains only floats.

[5 <./1to1half.png> <./1to2.png> <./1to1third.png> <./1to3.png>]

LaTeX Warning: Text page 6 contains only floats.

[6 <./1to2thirds.png> <./1to3halves.png> <./1to2fifths.png> <./1to5halves.png>]

Underfull \hbox (badness 10000) in paragraph at lines 293--295

 []


Underfull \hbox (badness 10000) in paragraph at lines 300--301

 []


Underfull \hbox (badness 10000) in paragraph at lines 302--303

 []


Underfull \hbox (badness 10000) in paragraph at lines 308--309

 []


Underfull \hbox (badness 10000) in paragraph at lines 321--322

 []


Underfull \hbox (badness 10000) in paragraph at lines 326--327

 []


Underfull \hbox (badness 10000) in paragraph at lines 332--333

 []


Underfull \hbox (badness 10000) in paragraph at lines 342--343

 []

[7] (main.aux)

LaTeX Warning: There were undefined references.


LaTeX Warning: There were multiply-defined labels.

 ) 
Here is how much of TeX's memory you used:
 3308 strings out of 493305
 52785 string characters out of 3129802
 123078 words of memory out of 3000000
 6823 multiletter control sequences out of 15000+200000
 7857 words of font info for 31 fonts, out of 3000000 for 9000
 1141 hyphenation exceptions out of 8191
 41i,11n,43p,867b,375s stack positions out of 5000i,500n,10000p,200000b,50000s
<C:/Users/Carlo/AppData/Local/Programs/MiKTeX 2.9/fonts/type1/public/amsfonts
/cm/cmbx10.pfb><C:/Users/Carlo/AppData/Local/Programs/MiKTeX 2.9/fonts/type1/pu
blic/amsfonts/cm/cmbx12.pfb><C:/Users/Carlo/AppData/Local/Programs/MiKTeX 2.9/f
onts/type1/public/amsfonts/cm/cmex10.pfb><C:/Users/Carlo/AppData/Local/Programs
/MiKTeX 2.9/fonts/type1/public/amsfonts/cm/cmmi10.pfb><C:/Users/Carlo/AppData/L
ocal/Programs/MiKTeX 2.9/fonts/type1/public/amsfonts/cm/cmmi5.pfb><C:/Users/Car
lo/AppData/Local/Programs/MiKTeX 2.9/fonts/type1/public/amsfonts/cm/cmmi6.pfb><
C:/Users/Carlo/AppData/Local/Programs/MiKTeX 2.9/fonts/type1/public/amsfonts/cm
/cmmi7.pfb><C:/Users/Carlo/AppData/Local/Programs/MiKTeX 2.9/fonts/type1/public
/amsfonts/cm/cmmi9.pfb><C:/Users/Carlo/AppData/Local/Programs/MiKTeX 2.9/fonts/
type1/public/amsfonts/cm/cmr10.pfb><C:/Users/Carlo/AppData/Local/Programs/MiKTe
X 2.9/fonts/type1/public/amsfonts/cm/cmr5.pfb><C:/Users/Carlo/AppData/Local/Pro
grams/MiKTeX 2.9/fonts/type1/public/amsfonts/cm/cmr6.pfb><C:/Users/Carlo/AppDat
a/Local/Programs/MiKTeX 2.9/fonts/type1/public/amsfonts/cm/cmr7.pfb><C:/Users/C
arlo/AppData/Local/Programs/MiKTeX 2.9/fonts/type1/public/amsfonts/cm/cmr9.pfb>
<C:/Users/Carlo/AppData/Local/Programs/MiKTeX 2.9/fonts/type1/public/amsfonts/c
m/cmsy10.pfb><C:/Users/Carlo/AppData/Local/Programs/MiKTeX 2.9/fonts/type1/publ
ic/amsfonts/cm/cmsy5.pfb><C:/Users/Carlo/AppData/Local/Programs/MiKTeX 2.9/font
s/type1/public/amsfonts/cm/cmsy7.pfb><C:/Users/Carlo/AppData/Local/Programs/MiK
TeX 2.9/fonts/type1/public/amsfonts/cm/cmti10.pfb>
Output written on main.pdf (7 pages, 311944 bytes).
PDF statistics:
 117 PDF objects out of 1000 (max. 8388607)
 0 named destinations out of 1000 (max. 500000)
 56 words of extra memory for PDF output out of 10000 (max. 10000000)

